[0 / 138446]
[100 / 138446]
[200 / 138446]
[300 / 138446]
[400 / 138446]
[500 / 138446]
[600 / 138446]
[700 / 138446]
[800 / 138446]
[900 / 138446]
[1000 / 138446]
[1100 / 138446]
[1200 / 138446]
[1300 / 138446]
[1400 / 138446]
[1500 / 138446]
[1600 / 138446]
[1700 / 138446]
[1800 / 138446]
[1900 / 138446]
[2000 / 138446]
[2100 / 138446]
[2200 / 138446]
[2300 / 138446]
[2400 / 138446]
[2500 / 138446]
[2600 / 138446]
[2700 / 138446]
[2800 / 138446]
[2900 / 138446]
[3000 / 138446]
[3100 / 138446]
[3200 / 138446]
[3300 / 138446]
[3400 / 138446]
[3500 / 138446]
[3600 / 138446]
[3700 / 138446]
[3800 / 138446]
[3900 / 138446]
[4000 / 138446]
[4100 / 138446]
[4200 / 138446]
[4300 / 138446]
[4400 / 138446]
[4500 / 138446]
[4600 / 138446]
[4700 / 138446]
[4800 / 138446]
[4900 / 138446]
[5000 / 138446]
[5100 / 138446]
[5200 / 138446]
[5300 / 138446]
[5400 / 138446]
[5500 / 138446]
[5600 / 138446]
[5700 / 138446]
[5800 / 138446]
[5900 / 138446]
[6000 / 138446]
[6100 / 138446]
[6200 / 138446]
[6300 / 138446]
[6400 / 138446]
[6500 / 138446]
[6600 / 138446]
[6700 / 138446]
[6800 / 138446]
[6900 / 138446]
[7000 / 138446]
[7100 / 138446]
[7200 / 138446]
[7300 / 138446]
[7400 / 138446]
[7500 / 138446]
[7600 / 138446]
[7700 / 138446]
[7800 / 138446]
[7900 / 138446]
[8000 / 138446]
[8100 / 138446]
[8200 / 138446]
[8300 / 138446]
[8400 / 138446]
[8500 / 138446]
[8600 / 138446]
[8700 / 138446]
[8800 / 138446]
[8900 / 138446]
[9000 / 138446]
[9100 / 138446]
[9200 / 138446]
[9300 / 138446]
[9400 / 138446]
[9500 / 138446]
[9600 / 138446]
[9700 / 138446]
[9800 / 138446]
[9900 / 138446]
[10000 / 138446]
[10100 / 138446]
[10200 / 138446]
[10300 / 138446]
[10400 / 138446]
[10500 / 138446]
[10600 / 138446]
[10700 / 138446]
[10800 / 138446]
[10900 / 138446]
[11000 / 138446]
[11100 / 138446]
[11200 / 138446]
[11300 / 138446]
[11400 / 138446]
[11500 / 138446]
[11600 / 138446]
[11700 / 138446]
[11800 / 138446]
[11900 / 138446]
[12000 / 138446]
[12100 / 138446]
[12200 / 138446]
[12300 / 138446]
[12400 / 138446]
[12500 / 138446]
[12600 / 138446]
[12700 / 138446]
[12800 / 138446]
[12900 / 138446]
[13000 / 138446]
[13100 / 138446]
[13200 / 138446]
[13300 / 138446]
[13400 / 138446]
[13500 / 138446]
[13600 / 138446]
[13700 / 138446]
[13800 / 138446]
[13900 / 138446]
[14000 / 138446]
[14100 / 138446]
[14200 / 138446]
[14300 / 138446]
[14400 / 138446]
[14500 / 138446]
[14600 / 138446]
[14700 / 138446]
[14800 / 138446]
[14900 / 138446]
[15000 / 138446]
[15100 / 138446]
[15200 / 138446]
[15300 / 138446]
[15400 / 138446]
[15500 / 138446]
[15600 / 138446]
[15700 / 138446]
[15800 / 138446]
[15900 / 138446]
[16000 / 138446]
[16100 / 138446]
[16200 / 138446]
[16300 / 138446]
[16400 / 138446]
[16500 / 138446]
[16600 / 138446]
[16700 / 138446]
[16800 / 138446]
[16900 / 138446]
[17000 / 138446]
[17100 / 138446]
[17200 / 138446]
[17300 / 138446]
[17400 / 138446]
[17500 / 138446]
[17600 / 138446]
[17700 / 138446]
[17800 / 138446]
[17900 / 138446]
[18000 / 138446]
[18100 / 138446]
[18200 / 138446]
[18300 / 138446]
[18400 / 138446]
[18500 / 138446]
[18600 / 138446]
[18700 / 138446]
[18800 / 138446]
[18900 / 138446]
[19000 / 138446]
[19100 / 138446]
[19200 / 138446]
[19300 / 138446]
[19400 / 138446]
[19500 / 138446]
[19600 / 138446]
[19700 / 138446]
[19800 / 138446]
[19900 / 138446]
[20000 / 138446]
[20100 / 138446]
[20200 / 138446]
[20300 / 138446]
[20400 / 138446]
[20500 / 138446]
[20600 / 138446]
[20700 / 138446]
[20800 / 138446]
[20900 / 138446]
[21000 / 138446]
[21100 / 138446]
[21200 / 138446]
[21300 / 138446]
[21400 / 138446]
[21500 / 138446]
[21600 / 138446]
[21700 / 138446]
[21800 / 138446]
[21900 / 138446]
[22000 / 138446]
[22100 / 138446]
[22200 / 138446]
[22300 / 138446]
[22400 / 138446]
[22500 / 138446]
[22600 / 138446]
[22700 / 138446]
[22800 / 138446]
[22900 / 138446]
[23000 / 138446]
[23100 / 138446]
[23200 / 138446]
[23300 / 138446]
[23400 / 138446]
[23500 / 138446]
[23600 / 138446]
[23700 / 138446]
[23800 / 138446]
[23900 / 138446]
[24000 / 138446]
[24100 / 138446]
[24200 / 138446]
[24300 / 138446]
[24400 / 138446]
[24500 / 138446]
[24600 / 138446]
[24700 / 138446]
[24800 / 138446]
[24900 / 138446]
[25000 / 138446]
[25100 / 138446]
[25200 / 138446]
[25300 / 138446]
[25400 / 138446]
[25500 / 138446]
[25600 / 138446]
[25700 / 138446]
[25800 / 138446]
[25900 / 138446]
[26000 / 138446]
[26100 / 138446]
[26200 / 138446]
[26300 / 138446]
[26400 / 138446]
[26500 / 138446]
[26600 / 138446]
[26700 / 138446]
[26800 / 138446]
[26900 / 138446]
[27000 / 138446]
[27100 / 138446]
[27200 / 138446]
[27300 / 138446]
[27400 / 138446]
[27500 / 138446]
[27600 / 138446]
[27700 / 138446]
[27800 / 138446]
[27900 / 138446]
[28000 / 138446]
[28100 / 138446]
[28200 / 138446]
[28300 / 138446]
[28400 / 138446]
[28500 / 138446]
[28600 / 138446]
[28700 / 138446]
[28800 / 138446]
[28900 / 138446]
[29000 / 138446]
[29100 / 138446]
[29200 / 138446]
[29300 / 138446]
[29400 / 138446]
[29500 / 138446]
[29600 / 138446]
[29700 / 138446]
[29800 / 138446]
[29900 / 138446]
[30000 / 138446]
[30100 / 138446]
[30200 / 138446]
[30300 / 138446]
[30400 / 138446]
[30500 / 138446]
[30600 / 138446]
[30700 / 138446]
[30800 / 138446]
[30900 / 138446]
[31000 / 138446]
[31100 / 138446]
[31200 / 138446]
[31300 / 138446]
[31400 / 138446]
[31500 / 138446]
[31600 / 138446]
[31700 / 138446]
[31800 / 138446]
[31900 / 138446]
[32000 / 138446]
[32100 / 138446]
[32200 / 138446]
[32300 / 138446]
[32400 / 138446]
[32500 / 138446]
[32600 / 138446]
[32700 / 138446]
[32800 / 138446]
[32900 / 138446]
[33000 / 138446]
[33100 / 138446]
[33200 / 138446]
[33300 / 138446]
[33400 / 138446]
[33500 / 138446]
[33600 / 138446]
[33700 / 138446]
[33800 / 138446]
[33900 / 138446]
[34000 / 138446]
[34100 / 138446]
[34200 / 138446]
[34300 / 138446]
[34400 / 138446]
[34500 / 138446]
[34600 / 138446]
[34700 / 138446]
[34800 / 138446]
[34900 / 138446]
[35000 / 138446]
[35100 / 138446]
[35200 / 138446]
[35300 / 138446]
[35400 / 138446]
[35500 / 138446]
[35600 / 138446]
[35700 / 138446]
[35800 / 138446]
[35900 / 138446]
[36000 / 138446]
[36100 / 138446]
[36200 / 138446]
[36300 / 138446]
[36400 / 138446]
[36500 / 138446]
[36600 / 138446]
[36700 / 138446]
[36800 / 138446]
[36900 / 138446]
[37000 / 138446]
[37100 / 138446]
[37200 / 138446]
[37300 / 138446]
[37400 / 138446]
[37500 / 138446]
[37600 / 138446]
[37700 / 138446]
[37800 / 138446]
[37900 / 138446]
[38000 / 138446]
[38100 / 138446]
[38200 / 138446]
[38300 / 138446]
[38400 / 138446]
[38500 / 138446]
[38600 / 138446]
[38700 / 138446]
[38800 / 138446]
[38900 / 138446]
[39000 / 138446]
[39100 / 138446]
[39200 / 138446]
[39300 / 138446]
[39400 / 138446]
[39500 / 138446]
[39600 / 138446]
[39700 / 138446]
[39800 / 138446]
[39900 / 138446]
[40000 / 138446]
[40100 / 138446]
[40200 / 138446]
[40300 / 138446]
[40400 / 138446]
[40500 / 138446]
[40600 / 138446]
[40700 / 138446]
[40800 / 138446]
[40900 / 138446]
[41000 / 138446]
[41100 / 138446]
[41200 / 138446]
[41300 / 138446]
[41400 / 138446]
[41500 / 138446]
[41600 / 138446]
[41700 / 138446]
[41800 / 138446]
[41900 / 138446]
[42000 / 138446]
[42100 / 138446]
[42200 / 138446]
[42300 / 138446]
[42400 / 138446]
[42500 / 138446]
[42600 / 138446]
[42700 / 138446]
[42800 / 138446]
[42900 / 138446]
[43000 / 138446]
[43100 / 138446]
[43200 / 138446]
[43300 / 138446]
[43400 / 138446]
[43500 / 138446]
[43600 / 138446]
[43700 / 138446]
[43800 / 138446]
[43900 / 138446]
[44000 / 138446]
[44100 / 138446]
[44200 / 138446]
[44300 / 138446]
[44400 / 138446]
[44500 / 138446]
[44600 / 138446]
[44700 / 138446]
[44800 / 138446]
[44900 / 138446]
[45000 / 138446]
[45100 / 138446]
[45200 / 138446]
[45300 / 138446]
[45400 / 138446]
[45500 / 138446]
[45600 / 138446]
[45700 / 138446]
[45800 / 138446]
[45900 / 138446]
[46000 / 138446]
[46100 / 138446]
[46200 / 138446]
[46300 / 138446]
[46400 / 138446]
[46500 / 138446]
[46600 / 138446]
[46700 / 138446]
[46800 / 138446]
[46900 / 138446]
[47000 / 138446]
[47100 / 138446]
[47200 / 138446]
[47300 / 138446]
[47400 / 138446]
[47500 / 138446]
[47600 / 138446]
[47700 / 138446]
[47800 / 138446]
[47900 / 138446]
[48000 / 138446]
[48100 / 138446]
[48200 / 138446]
[48300 / 138446]
[48400 / 138446]
[48500 / 138446]
[48600 / 138446]
[48700 / 138446]
[48800 / 138446]
[48900 / 138446]
[49000 / 138446]
[49100 / 138446]
[49200 / 138446]
[49300 / 138446]
[49400 / 138446]
[49500 / 138446]
[49600 / 138446]
[49700 / 138446]
[49800 / 138446]
[49900 / 138446]
[50000 / 138446]
[50100 / 138446]
[50200 / 138446]
[50300 / 138446]
[50400 / 138446]
[50500 / 138446]
[50600 / 138446]
[50700 / 138446]
[50800 / 138446]
[50900 / 138446]
[51000 / 138446]
[51100 / 138446]
[51200 / 138446]
[51300 / 138446]
[51400 / 138446]
[51500 / 138446]
[51600 / 138446]
[51700 / 138446]
[51800 / 138446]
[51900 / 138446]
[52000 / 138446]
[52100 / 138446]
[52200 / 138446]
[52300 / 138446]
[52400 / 138446]
[52500 / 138446]
[52600 / 138446]
[52700 / 138446]
[52800 / 138446]
[52900 / 138446]
[53000 / 138446]
[53100 / 138446]
[53200 / 138446]
[53300 / 138446]
[53400 / 138446]
[53500 / 138446]
[53600 / 138446]
[53700 / 138446]
[53800 / 138446]
[53900 / 138446]
[54000 / 138446]
[54100 / 138446]
[54200 / 138446]
[54300 / 138446]
[54400 / 138446]
[54500 / 138446]
[54600 / 138446]
[54700 / 138446]
[54800 / 138446]
[54900 / 138446]
[55000 / 138446]
[55100 / 138446]
[55200 / 138446]
[55300 / 138446]
[55400 / 138446]
[55500 / 138446]
[55600 / 138446]
[55700 / 138446]
[55800 / 138446]
[55900 / 138446]
[56000 / 138446]
[56100 / 138446]
[56200 / 138446]
[56300 / 138446]
[56400 / 138446]
[56500 / 138446]
[56600 / 138446]
[56700 / 138446]
[56800 / 138446]
[56900 / 138446]
[57000 / 138446]
[57100 / 138446]
[57200 / 138446]
[57300 / 138446]
[57400 / 138446]
[57500 / 138446]
[57600 / 138446]
[57700 / 138446]
[57800 / 138446]
[57900 / 138446]
[58000 / 138446]
[58100 / 138446]
[58200 / 138446]
[58300 / 138446]
[58400 / 138446]
[58500 / 138446]
[58600 / 138446]
[58700 / 138446]
[58800 / 138446]
[58900 / 138446]
[59000 / 138446]
[59100 / 138446]
[59200 / 138446]
[59300 / 138446]
[59400 / 138446]
[59500 / 138446]
[59600 / 138446]
[59700 / 138446]
[59800 / 138446]
[59900 / 138446]
[60000 / 138446]
[60100 / 138446]
[60200 / 138446]
[60300 / 138446]
[60400 / 138446]
[60500 / 138446]
[60600 / 138446]
[60700 / 138446]
[60800 / 138446]
[60900 / 138446]
[61000 / 138446]
[61100 / 138446]
[61200 / 138446]
[61300 / 138446]
[61400 / 138446]
[61500 / 138446]
[61600 / 138446]
[61700 / 138446]
[61800 / 138446]
[61900 / 138446]
[62000 / 138446]
[62100 / 138446]
[62200 / 138446]
[62300 / 138446]
[62400 / 138446]
[62500 / 138446]
[62600 / 138446]
[62700 / 138446]
[62800 / 138446]
[62900 / 138446]
[63000 / 138446]
[63100 / 138446]
[63200 / 138446]
[63300 / 138446]
[63400 / 138446]
[63500 / 138446]
[63600 / 138446]
[63700 / 138446]
[63800 / 138446]
[63900 / 138446]
[64000 / 138446]
[64100 / 138446]
[64200 / 138446]
[64300 / 138446]
[64400 / 138446]
[64500 / 138446]
[64600 / 138446]
[64700 / 138446]
[64800 / 138446]
[64900 / 138446]
[65000 / 138446]
[65100 / 138446]
[65200 / 138446]
[65300 / 138446]
[65400 / 138446]
[65500 / 138446]
[65600 / 138446]
[65700 / 138446]
[65800 / 138446]
[65900 / 138446]
[66000 / 138446]
[66100 / 138446]
[66200 / 138446]
[66300 / 138446]
[66400 / 138446]
[66500 / 138446]
[66600 / 138446]
[66700 / 138446]
[66800 / 138446]
[66900 / 138446]
[67000 / 138446]
[67100 / 138446]
[67200 / 138446]
[67300 / 138446]
[67400 / 138446]
[67500 / 138446]
[67600 / 138446]
[67700 / 138446]
[67800 / 138446]
[67900 / 138446]
[68000 / 138446]
[68100 / 138446]
[68200 / 138446]
[68300 / 138446]
[68400 / 138446]
[68500 / 138446]
[68600 / 138446]
[68700 / 138446]
[68800 / 138446]
[68900 / 138446]
[69000 / 138446]
[69100 / 138446]
[69200 / 138446]
[69300 / 138446]
[69400 / 138446]
[69500 / 138446]
[69600 / 138446]
[69700 / 138446]
[69800 / 138446]
[69900 / 138446]
[70000 / 138446]
[70100 / 138446]
[70200 / 138446]
[70300 / 138446]
[70400 / 138446]
[70500 / 138446]
[70600 / 138446]
[70700 / 138446]
[70800 / 138446]
[70900 / 138446]
[71000 / 138446]
[71100 / 138446]
[71200 / 138446]
[71300 / 138446]
[71400 / 138446]
[71500 / 138446]
[71600 / 138446]
[71700 / 138446]
[71800 / 138446]
[71900 / 138446]
[72000 / 138446]
[72100 / 138446]
[72200 / 138446]
[72300 / 138446]
[72400 / 138446]
[72500 / 138446]
[72600 / 138446]
[72700 / 138446]
[72800 / 138446]
[72900 / 138446]
[73000 / 138446]
[73100 / 138446]
[73200 / 138446]
[73300 / 138446]
[73400 / 138446]
[73500 / 138446]
[73600 / 138446]
[73700 / 138446]
[73800 / 138446]
[73900 / 138446]
[74000 / 138446]
[74100 / 138446]
[74200 / 138446]
[74300 / 138446]
[74400 / 138446]
[74500 / 138446]
[74600 / 138446]
[74700 / 138446]
[74800 / 138446]
[74900 / 138446]
[75000 / 138446]
[75100 / 138446]
[75200 / 138446]
[75300 / 138446]
[75400 / 138446]
[75500 / 138446]
[75600 / 138446]
[75700 / 138446]
[75800 / 138446]
[75900 / 138446]
[76000 / 138446]
[76100 / 138446]
[76200 / 138446]
[76300 / 138446]
[76400 / 138446]
[76500 / 138446]
[76600 / 138446]
[76700 / 138446]
[76800 / 138446]
[76900 / 138446]
[77000 / 138446]
[77100 / 138446]
[77200 / 138446]
[77300 / 138446]
[77400 / 138446]
[77500 / 138446]
[77600 / 138446]
[77700 / 138446]
[77800 / 138446]
[77900 / 138446]
[78000 / 138446]
[78100 / 138446]
[78200 / 138446]
[78300 / 138446]
[78400 / 138446]
[78500 / 138446]
[78600 / 138446]
[78700 / 138446]
[78800 / 138446]
[78900 / 138446]
[79000 / 138446]
[79100 / 138446]
[79200 / 138446]
[79300 / 138446]
[79400 / 138446]
[79500 / 138446]
[79600 / 138446]
[79700 / 138446]
[79800 / 138446]
[79900 / 138446]
[80000 / 138446]
[80100 / 138446]
[80200 / 138446]
[80300 / 138446]
[80400 / 138446]
[80500 / 138446]
[80600 / 138446]
[80700 / 138446]
[80800 / 138446]
[80900 / 138446]
[81000 / 138446]
[81100 / 138446]
[81200 / 138446]
[81300 / 138446]
[81400 / 138446]
[81500 / 138446]
[81600 / 138446]
[81700 / 138446]
[81800 / 138446]
[81900 / 138446]
[82000 / 138446]
[82100 / 138446]
[82200 / 138446]
[82300 / 138446]
[82400 / 138446]
[82500 / 138446]
[82600 / 138446]
[82700 / 138446]
[82800 / 138446]
[82900 / 138446]
[83000 / 138446]
[83100 / 138446]
[83200 / 138446]
[83300 / 138446]
[83400 / 138446]
[83500 / 138446]
[83600 / 138446]
[83700 / 138446]
[83800 / 138446]
[83900 / 138446]
[84000 / 138446]
[84100 / 138446]
[84200 / 138446]
[84300 / 138446]
[84400 / 138446]
[84500 / 138446]
[84600 / 138446]
[84700 / 138446]
[84800 / 138446]
[84900 / 138446]
[85000 / 138446]
[85100 / 138446]
[85200 / 138446]
[85300 / 138446]
[85400 / 138446]
[85500 / 138446]
[85600 / 138446]
[85700 / 138446]
[85800 / 138446]
[85900 / 138446]
[86000 / 138446]
[86100 / 138446]
[86200 / 138446]
[86300 / 138446]
[86400 / 138446]
[86500 / 138446]
[86600 / 138446]
[86700 / 138446]
[86800 / 138446]
[86900 / 138446]
[87000 / 138446]
[87100 / 138446]
[87200 / 138446]
[87300 / 138446]
[87400 / 138446]
[87500 / 138446]
[87600 / 138446]
[87700 / 138446]
[87800 / 138446]
[87900 / 138446]
[88000 / 138446]
[88100 / 138446]
[88200 / 138446]
[88300 / 138446]
[88400 / 138446]
[88500 / 138446]
[88600 / 138446]
[88700 / 138446]
[88800 / 138446]
[88900 / 138446]
[89000 / 138446]
[89100 / 138446]
[89200 / 138446]
[89300 / 138446]
[89400 / 138446]
[89500 / 138446]
[89600 / 138446]
[89700 / 138446]
[89800 / 138446]
[89900 / 138446]
[90000 / 138446]
[90100 / 138446]
[90200 / 138446]
[90300 / 138446]
[90400 / 138446]
[90500 / 138446]
[90600 / 138446]
[90700 / 138446]
[90800 / 138446]
[90900 / 138446]
[91000 / 138446]
[91100 / 138446]
[91200 / 138446]
[91300 / 138446]
[91400 / 138446]
[91500 / 138446]
[91600 / 138446]
[91700 / 138446]
[91800 / 138446]
[91900 / 138446]
[92000 / 138446]
[92100 / 138446]
[92200 / 138446]
[92300 / 138446]
[92400 / 138446]
[92500 / 138446]
[92600 / 138446]
[92700 / 138446]
[92800 / 138446]
[92900 / 138446]
[93000 / 138446]
[93100 / 138446]
[93200 / 138446]
[93300 / 138446]
[93400 / 138446]
[93500 / 138446]
[93600 / 138446]
[93700 / 138446]
[93800 / 138446]
[93900 / 138446]
[94000 / 138446]
[94100 / 138446]
[94200 / 138446]
[94300 / 138446]
[94400 / 138446]
[94500 / 138446]
[94600 / 138446]
[94700 / 138446]
[94800 / 138446]
[94900 / 138446]
[95000 / 138446]
[95100 / 138446]
[95200 / 138446]
[95300 / 138446]
[95400 / 138446]
[95500 / 138446]
[95600 / 138446]
[95700 / 138446]
[95800 / 138446]
[95900 / 138446]
[96000 / 138446]
[96100 / 138446]
[96200 / 138446]
[96300 / 138446]
[96400 / 138446]
[96500 / 138446]
[96600 / 138446]
[96700 / 138446]
[96800 / 138446]
[96900 / 138446]
[97000 / 138446]
[97100 / 138446]
[97200 / 138446]
[97300 / 138446]
[97400 / 138446]
[97500 / 138446]
[97600 / 138446]
[97700 / 138446]
[97800 / 138446]
[97900 / 138446]
[98000 / 138446]
[98100 / 138446]
[98200 / 138446]
[98300 / 138446]
[98400 / 138446]
[98500 / 138446]
[98600 / 138446]
[98700 / 138446]
[98800 / 138446]
[98900 / 138446]
[99000 / 138446]
[99100 / 138446]
[99200 / 138446]
[99300 / 138446]
[99400 / 138446]
[99500 / 138446]
[99600 / 138446]
[99700 / 138446]
[99800 / 138446]
[99900 / 138446]
[100000 / 138446]
[100100 / 138446]
[100200 / 138446]
[100300 / 138446]
[100400 / 138446]
[100500 / 138446]
[100600 / 138446]
[100700 / 138446]
[100800 / 138446]
[100900 / 138446]
[101000 / 138446]
[101100 / 138446]
[101200 / 138446]
[101300 / 138446]
[101400 / 138446]
[101500 / 138446]
[101600 / 138446]
[101700 / 138446]
[101800 / 138446]
[101900 / 138446]
[102000 / 138446]
[102100 / 138446]
[102200 / 138446]
[102300 / 138446]
[102400 / 138446]
[102500 / 138446]
[102600 / 138446]
[102700 / 138446]
[102800 / 138446]
[102900 / 138446]
[103000 / 138446]
[103100 / 138446]
[103200 / 138446]
[103300 / 138446]
[103400 / 138446]
[103500 / 138446]
[103600 / 138446]
[103700 / 138446]
[103800 / 138446]
[103900 / 138446]
[104000 / 138446]
[104100 / 138446]
[104200 / 138446]
[104300 / 138446]
[104400 / 138446]
[104500 / 138446]
[104600 / 138446]
[104700 / 138446]
[104800 / 138446]
[104900 / 138446]
[105000 / 138446]
[105100 / 138446]
[105200 / 138446]
[105300 / 138446]
[105400 / 138446]
[105500 / 138446]
[105600 / 138446]
[105700 / 138446]
[105800 / 138446]
[105900 / 138446]
[106000 / 138446]
[106100 / 138446]
[106200 / 138446]
[106300 / 138446]
[106400 / 138446]
[106500 / 138446]
[106600 / 138446]
[106700 / 138446]
[106800 / 138446]
[106900 / 138446]
[107000 / 138446]
[107100 / 138446]
[107200 / 138446]
[107300 / 138446]
[107400 / 138446]
[107500 / 138446]
[107600 / 138446]
[107700 / 138446]
[107800 / 138446]
[107900 / 138446]
[108000 / 138446]
[108100 / 138446]
[108200 / 138446]
[108300 / 138446]
[108400 / 138446]
[108500 / 138446]
[108600 / 138446]
[108700 / 138446]
[108800 / 138446]
[108900 / 138446]
[109000 / 138446]
[109100 / 138446]
[109200 / 138446]
[109300 / 138446]
[109400 / 138446]
[109500 / 138446]
[109600 / 138446]
[109700 / 138446]
[109800 / 138446]
[109900 / 138446]
[110000 / 138446]
[110100 / 138446]
[110200 / 138446]
[110300 / 138446]
[110400 / 138446]
[110500 / 138446]
[110600 / 138446]
[110700 / 138446]
[110800 / 138446]
[110900 / 138446]
[111000 / 138446]
[111100 / 138446]
[111200 / 138446]
[111300 / 138446]
[111400 / 138446]
[111500 / 138446]
[111600 / 138446]
[111700 / 138446]
[111800 / 138446]
[111900 / 138446]
[112000 / 138446]
[112100 / 138446]
[112200 / 138446]
[112300 / 138446]
[112400 / 138446]
[112500 / 138446]
[112600 / 138446]
[112700 / 138446]
[112800 / 138446]
[112900 / 138446]
[113000 / 138446]
[113100 / 138446]
[113200 / 138446]
[113300 / 138446]
[113400 / 138446]
[113500 / 138446]
[113600 / 138446]
[113700 / 138446]
[113800 / 138446]
[113900 / 138446]
[114000 / 138446]
[114100 / 138446]
[114200 / 138446]
[114300 / 138446]
[114400 / 138446]
[114500 / 138446]
[114600 / 138446]
[114700 / 138446]
[114800 / 138446]
[114900 / 138446]
[115000 / 138446]
[115100 / 138446]
[115200 / 138446]
[115300 / 138446]
[115400 / 138446]
[115500 / 138446]
[115600 / 138446]
[115700 / 138446]
[115800 / 138446]
[115900 / 138446]
[116000 / 138446]
[116100 / 138446]
[116200 / 138446]
[116300 / 138446]
[116400 / 138446]
[116500 / 138446]
[116600 / 138446]
[116700 / 138446]
[116800 / 138446]
[116900 / 138446]
[117000 / 138446]
[117100 / 138446]
[117200 / 138446]
[117300 / 138446]
[117400 / 138446]
[117500 / 138446]
[117600 / 138446]
[117700 / 138446]
[117800 / 138446]
[117900 / 138446]
[118000 / 138446]
[118100 / 138446]
[118200 / 138446]
[118300 / 138446]
[118400 / 138446]
[118500 / 138446]
[118600 / 138446]
[118700 / 138446]
[118800 / 138446]
[118900 / 138446]
[119000 / 138446]
[119100 / 138446]
[119200 / 138446]
[119300 / 138446]
[119400 / 138446]
[119500 / 138446]
[119600 / 138446]
[119700 / 138446]
[119800 / 138446]
[119900 / 138446]
[120000 / 138446]
[120100 / 138446]
[120200 / 138446]
[120300 / 138446]
[120400 / 138446]
[120500 / 138446]
[120600 / 138446]
[120700 / 138446]
[120800 / 138446]
[120900 / 138446]
[121000 / 138446]
[121100 / 138446]
[121200 / 138446]
[121300 / 138446]
[121400 / 138446]
[121500 / 138446]
[121600 / 138446]
[121700 / 138446]
[121800 / 138446]
[121900 / 138446]
[122000 / 138446]
[122100 / 138446]
[122200 / 138446]
[122300 / 138446]
[122400 / 138446]
[122500 / 138446]
[122600 / 138446]
[122700 / 138446]
[122800 / 138446]
[122900 / 138446]
[123000 / 138446]
[123100 / 138446]
[123200 / 138446]
[123300 / 138446]
[123400 / 138446]
[123500 / 138446]
[123600 / 138446]
[123700 / 138446]
[123800 / 138446]
[123900 / 138446]
[124000 / 138446]
[124100 / 138446]
[124200 / 138446]
[124300 / 138446]
[124400 / 138446]
[124500 / 138446]
[124600 / 138446]
[124700 / 138446]
[124800 / 138446]
[124900 / 138446]
[125000 / 138446]
[125100 / 138446]
[125200 / 138446]
[125300 / 138446]
[125400 / 138446]
[125500 / 138446]
[125600 / 138446]
[125700 / 138446]
[125800 / 138446]
[125900 / 138446]
[126000 / 138446]
[126100 / 138446]
[126200 / 138446]
[126300 / 138446]
[126400 / 138446]
[126500 / 138446]
[126600 / 138446]
[126700 / 138446]
[126800 / 138446]
[126900 / 138446]
[127000 / 138446]
[127100 / 138446]
[127200 / 138446]
[127300 / 138446]
[127400 / 138446]
[127500 / 138446]
[127600 / 138446]
[127700 / 138446]
[127800 / 138446]
[127900 / 138446]
[128000 / 138446]
[128100 / 138446]
[128200 / 138446]
[128300 / 138446]
[128400 / 138446]
[128500 / 138446]
[128600 / 138446]
[128700 / 138446]
[128800 / 138446]
[128900 / 138446]
[129000 / 138446]
[129100 / 138446]
[129200 / 138446]
[129300 / 138446]
[129400 / 138446]
[129500 / 138446]
[129600 / 138446]
[129700 / 138446]
[129800 / 138446]
[129900 / 138446]
[130000 / 138446]
[130100 / 138446]
[130200 / 138446]
[130300 / 138446]
[130400 / 138446]
[130500 / 138446]
[130600 / 138446]
[130700 / 138446]
[130800 / 138446]
[130900 / 138446]
[131000 / 138446]
[131100 / 138446]
[131200 / 138446]
[131300 / 138446]
[131400 / 138446]
[131500 / 138446]
[131600 / 138446]
[131700 / 138446]
[131800 / 138446]
[131900 / 138446]
[132000 / 138446]
[132100 / 138446]
[132200 / 138446]
[132300 / 138446]
[132400 / 138446]
[132500 / 138446]
[132600 / 138446]
[132700 / 138446]
[132800 / 138446]
[132900 / 138446]
[133000 / 138446]
[133100 / 138446]
[133200 / 138446]
[133300 / 138446]
[133400 / 138446]
[133500 / 138446]
[133600 / 138446]
[133700 / 138446]
[133800 / 138446]
[133900 / 138446]
[134000 / 138446]
[134100 / 138446]
[134200 / 138446]
[134300 / 138446]
[134400 / 138446]
[134500 / 138446]
[134600 / 138446]
[134700 / 138446]
[134800 / 138446]
[134900 / 138446]
[135000 / 138446]
[135100 / 138446]
[135200 / 138446]
[135300 / 138446]
[135400 / 138446]
[135500 / 138446]
[135600 / 138446]
[135700 / 138446]
[135800 / 138446]
[135900 / 138446]
[136000 / 138446]
[136100 / 138446]
[136200 / 138446]
[136300 / 138446]
[136400 / 138446]
[136500 / 138446]
[136600 / 138446]
[136700 / 138446]
[136800 / 138446]
[136900 / 138446]
[137000 / 138446]
[137100 / 138446]
[137200 / 138446]
[137300 / 138446]
[137400 / 138446]
[137500 / 138446]
[137600 / 138446]
[137700 / 138446]
[137800 / 138446]
[137900 / 138446]
[138000 / 138446]
[138100 / 138446]
[138200 / 138446]
[138300 / 138446]
[138400 / 138446]
Number of training graphs: 125076
Number of test graphs: 9072
Number of node feautres: 44
Numer of edge feautres:14 
Step 1:
=======
Number of graphs in the current batch: 64 

DataBatch(x=[1255, 44], edge_index=[2, 3826], edge_attr=[3826, 14], y1=[64], y2=[64], monomer_smiles=[64], W_atoms=[1255], W_bonds=[3826], M_ensemble=[64], tgt_token_ids=[64], tgt_token_lens=[64], batch=[1255], ptr=[65])

Step 2:
=======
Number of graphs in the current batch: 64 

DataBatch(x=[1199, 44], edge_index=[2, 3708], edge_attr=[3708, 14], y1=[64], y2=[64], monomer_smiles=[64], W_atoms=[1199], W_bonds=[3708], M_ensemble=[64], tgt_token_ids=[64], tgt_token_lens=[64], batch=[1199], ptr=[65])

[0 / 1955]
[10 / 1955]
[20 / 1955]
[30 / 1955]
[40 / 1955]
[50 / 1955]
[60 / 1955]
[70 / 1955]
[80 / 1955]
[90 / 1955]
[100 / 1955]
[110 / 1955]
[120 / 1955]
[130 / 1955]
[140 / 1955]
[150 / 1955]
[160 / 1955]
[170 / 1955]
[180 / 1955]
[190 / 1955]
[200 / 1955]
[210 / 1955]
[220 / 1955]
[230 / 1955]
[240 / 1955]
[250 / 1955]
[260 / 1955]
[270 / 1955]
[280 / 1955]
[290 / 1955]
[300 / 1955]
[310 / 1955]
[320 / 1955]
[330 / 1955]
[340 / 1955]
[350 / 1955]
[360 / 1955]
[370 / 1955]
[380 / 1955]
[390 / 1955]
[400 / 1955]
[410 / 1955]
[420 / 1955]
[430 / 1955]
[440 / 1955]
[450 / 1955]
[460 / 1955]
[470 / 1955]
[480 / 1955]
[490 / 1955]
[500 / 1955]
[510 / 1955]
[520 / 1955]
[530 / 1955]
[540 / 1955]
[550 / 1955]
[560 / 1955]
[570 / 1955]
[580 / 1955]
[590 / 1955]
[600 / 1955]
[610 / 1955]
[620 / 1955]
[630 / 1955]
[640 / 1955]
[650 / 1955]
[660 / 1955]
[670 / 1955]
[680 / 1955]
[690 / 1955]
[700 / 1955]
[710 / 1955]
[720 / 1955]
[730 / 1955]
[740 / 1955]
[750 / 1955]
[760 / 1955]
[770 / 1955]
[780 / 1955]
[790 / 1955]
[800 / 1955]
[810 / 1955]
[820 / 1955]
[830 / 1955]
[840 / 1955]
[850 / 1955]
[860 / 1955]
[870 / 1955]
[880 / 1955]
[890 / 1955]
[900 / 1955]
[910 / 1955]
[920 / 1955]
[930 / 1955]
[940 / 1955]
[950 / 1955]
[960 / 1955]
[970 / 1955]
[980 / 1955]
[990 / 1955]
[1000 / 1955]
[1010 / 1955]
[1020 / 1955]
[1030 / 1955]
[1040 / 1955]
[1050 / 1955]
[1060 / 1955]
[1070 / 1955]
[1080 / 1955]
[1090 / 1955]
[1100 / 1955]
[1110 / 1955]
[1120 / 1955]
[1130 / 1955]
[1140 / 1955]
[1150 / 1955]
[1160 / 1955]
[1170 / 1955]
[1180 / 1955]
[1190 / 1955]
[1200 / 1955]
[1210 / 1955]
[1220 / 1955]
[1230 / 1955]
[1240 / 1955]
[1250 / 1955]
[1260 / 1955]
[1270 / 1955]
[1280 / 1955]
[1290 / 1955]
[1300 / 1955]
[1310 / 1955]
[1320 / 1955]
[1330 / 1955]
[1340 / 1955]
[1350 / 1955]
[1360 / 1955]
[1370 / 1955]
[1380 / 1955]
[1390 / 1955]
[1400 / 1955]
[1410 / 1955]
[1420 / 1955]
[1430 / 1955]
[1440 / 1955]
[1450 / 1955]
[1460 / 1955]
[1470 / 1955]
[1480 / 1955]
[1490 / 1955]
[1500 / 1955]
[1510 / 1955]
[1520 / 1955]
[1530 / 1955]
[1540 / 1955]
[1550 / 1955]
[1560 / 1955]
[1570 / 1955]
[1580 / 1955]
[1590 / 1955]
[1600 / 1955]
[1610 / 1955]
[1620 / 1955]
[1630 / 1955]
[1640 / 1955]
[1650 / 1955]
[1660 / 1955]
[1670 / 1955]
[1680 / 1955]
[1690 / 1955]
[1700 / 1955]
[1710 / 1955]
[1720 / 1955]
[1730 / 1955]
[1740 / 1955]
[1750 / 1955]
[1760 / 1955]
[1770 / 1955]
[1780 / 1955]
[1790 / 1955]
[1800 / 1955]
[1810 / 1955]
[1820 / 1955]
[1830 / 1955]
[1840 / 1955]
[1850 / 1955]
[1860 / 1955]
[1870 / 1955]
[1880 / 1955]
[1890 / 1955]
[1900 / 1955]
[1910 / 1955]
[1920 / 1955]
[1930 / 1955]
[1940 / 1955]
[1950 / 1955]
[0 / 68]
[10 / 68]
[20 / 68]
[30 / 68]
[40 / 68]
[50 / 68]
[60 / 68]
[0 / 142]
[10 / 142]
[20 / 142]
[30 / 142]
[40 / 142]
[50 / 142]
[60 / 142]
[70 / 142]
[80 / 142]
[90 / 142]
[100 / 142]
[110 / 142]
[120 / 142]
[130 / 142]
[140 / 142]
Done
